# JRE version: Java(TM) SE Runtime Environment (8.0_251-b08) (build 1.8.0_251-b08)
# Java VM: Java HotSpot(TM) 64-Bit Server VM (25.251-b08 mixed mode windows-amd64 compressed oops)
Heap:
 PSYoungGen      total 72192K, used 29836K [0x00000000eb200000, 0x00000000f4000000, 0x0000000100000000)
  eden space 65536K, 36% used [0x00000000eb200000,0x00000000ec990560,0x00000000ef200000)
  from space 6656K, 85% used [0x00000000ef200000,0x00000000ef792ac8,0x00000000ef880000)
  to   space 7168K, 0% used [0x00000000f3900000,0x00000000f3900000,0x00000000f4000000)
 ParOldGen       total 44032K, used 7638K [0x00000000c1600000, 0x00000000c4100000, 0x00000000eb200000)
  object space 44032K, 17% used [0x00000000c1600000,0x00000000c1d75998,0x00000000c4100000)
 Metaspace       used 18185K, capacity 18764K, committed 18944K, reserved 1064960K
  class space    used 2287K, capacity 2438K, committed 2560K, reserved 1048576K
GC Heap History (10 events):
Event: 1.665 GC heap before
{Heap before GC invocations=3 (full 0):
 PSYoungGen      total 18944K, used 18910K [0x00000000eb200000, 0x00000000ed700000, 0x0000000100000000)
  eden space 16384K, 99% used [0x00000000eb200000,0x00000000ec1fc008,0x00000000ec200000)
  from space 2560K, 99% used [0x00000000ec480000,0x00000000ec6fbbe0,0x00000000ec700000)
  to   space 2560K, 0% used [0x00000000ec200000,0x00000000ec200000,0x00000000ec480000)
 ParOldGen       total 44032K, used 580K [0x00000000c1600000, 0x00000000c4100000, 0x00000000eb200000)
  object space 44032K, 1% used [0x00000000c1600000,0x00000000c1691248,0x00000000c4100000)
 Metaspace       used 9272K, capacity 9524K, committed 9600K, reserved 1058816K
  class space    used 1024K, capacity 1108K, committed 1152K, reserved 1048576K
Event: 1.677 GC heap after
Heap after GC invocations=3 (full 0):
 PSYoungGen      total 18944K, used 2559K [0x00000000eb200000, 0x00000000ed700000, 0x0000000100000000)
  eden space 16384K, 0% used [0x00000000eb200000,0x00000000eb200000,0x00000000ec200000)
  from space 2560K, 99% used [0x00000000ec200000,0x00000000ec47ff38,0x00000000ec480000)
  to   space 2560K, 0% used [0x00000000ed480000,0x00000000ed480000,0x00000000ed700000)
 ParOldGen       total 44032K, used 1229K [0x00000000c1600000, 0x00000000c4100000, 0x00000000eb200000)
  object space 44032K, 2% used [0x00000000c1600000,0x00000000c1733470,0x00000000c4100000)
 Metaspace       used 9272K, capacity 9524K, committed 9600K, reserved 1058816K
  class space    used 1024K, capacity 1108K, committed 1152K, reserved 1048576K
}
Event: 1.684 GC heap before
{Heap before GC invocations=4 (full 0):
 PSYoungGen      total 18944K, used 18898K [0x00000000eb200000, 0x00000000ed700000, 0x0000000100000000)
  eden space 16384K, 99% used [0x00000000eb200000,0x00000000ec1f4b18,0x00000000ec200000)
  from space 2560K, 99% used [0x00000000ec200000,0x00000000ec47ff38,0x00000000ec480000)
  to   space 2560K, 0% used [0x00000000ed480000,0x00000000ed480000,0x00000000ed700000)
 ParOldGen       total 44032K, used 1229K [0x00000000c1600000, 0x00000000c4100000, 0x00000000eb200000)
  object space 44032K, 2% used [0x00000000c1600000,0x00000000c1733470,0x00000000c4100000)
 Metaspace       used 9272K, capacity 9524K, committed 9600K, reserved 1058816K
  class space    used 1024K, capacity 1108K, committed 1152K, reserved 1048576K
Event: 1.702 GC heap after
Heap after GC invocations=4 (full 0):
 PSYoungGen      total 35328K, used 2552K [0x00000000eb200000, 0x00000000ed700000, 0x0000000100000000)
  eden space 32768K, 0% used [0x00000000eb200000,0x00000000eb200000,0x00000000ed200000)
  from space 2560K, 99% used [0x00000000ed480000,0x00000000ed6fe3a8,0x00000000ed700000)
  to   space 2560K, 0% used [0x00000000ed200000,0x00000000ed200000,0x00000000ed480000)
 ParOldGen       total 44032K, used 1237K [0x00000000c1600000, 0x00000000c4100000, 0x00000000eb200000)
  object space 44032K, 2% used [0x00000000c1600000,0x00000000c1735470,0x00000000c4100000)
 Metaspace       used 9272K, capacity 9524K, committed 9600K, reserved 1058816K
  class space    used 1024K, capacity 1108K, committed 1152K, reserved 1048576K
}
Event: 1.858 GC heap before
{Heap before GC invocations=5 (full 0):
 PSYoungGen      total 35328K, used 35320K [0x00000000eb200000, 0x00000000ed700000, 0x0000000100000000)
  eden space 32768K, 100% used [0x00000000eb200000,0x00000000ed200000,0x00000000ed200000)
  from space 2560K, 99% used [0x00000000ed480000,0x00000000ed6fe3a8,0x00000000ed700000)
  to   space 2560K, 0% used [0x00000000ed200000,0x00000000ed200000,0x00000000ed480000)
 ParOldGen       total 44032K, used 1237K [0x00000000c1600000, 0x00000000c4100000, 0x00000000eb200000)
  object space 44032K, 2% used [0x00000000c1600000,0x00000000c1735470,0x00000000c4100000)
 Metaspace       used 9393K, capacity 9614K, committed 9856K, reserved 1058816K
  class space    used 1041K, capacity 1116K, committed 1152K, reserved 1048576K
Event: 1.876 GC heap after
Heap after GC invocations=5 (full 0):
 PSYoungGen      total 35328K, used 2539K [0x00000000eb200000, 0x00000000eff00000, 0x0000000100000000)
  eden space 32768K, 0% used [0x00000000eb200000,0x00000000eb200000,0x00000000ed200000)
  from space 2560K, 99% used [0x00000000ed200000,0x00000000ed47acb8,0x00000000ed480000)
  to   space 6656K, 0% used [0x00000000ef880000,0x00000000ef880000,0x00000000eff00000)
 ParOldGen       total 44032K, used 5630K [0x00000000c1600000, 0x00000000c4100000, 0x00000000eb200000)
  object space 44032K, 12% used [0x00000000c1600000,0x00000000c1b7f858,0x00000000c4100000)
 Metaspace       used 9393K, capacity 9614K, committed 9856K, reserved 1058816K
  class space    used 1041K, capacity 1116K, committed 1152K, reserved 1048576K
}
Event: 2.812 GC heap before
{Heap before GC invocations=6 (full 0):
 PSYoungGen      total 35328K, used 35307K [0x00000000eb200000, 0x00000000eff00000, 0x0000000100000000)
  eden space 32768K, 100% used [0x00000000eb200000,0x00000000ed200000,0x00000000ed200000)
  from space 2560K, 99% used [0x00000000ed200000,0x00000000ed47acb8,0x00000000ed480000)
  to   space 6656K, 0% used [0x00000000ef880000,0x00000000ef880000,0x00000000eff00000)
 ParOldGen       total 44032K, used 5630K [0x00000000c1600000, 0x00000000c4100000, 0x00000000eb200000)
  object space 44032K, 12% used [0x00000000c1600000,0x00000000c1b7f858,0x00000000c4100000)
 Metaspace       used 12951K, capacity 13406K, committed 13696K, reserved 1060864K
  class space    used 1500K, capacity 1624K, committed 1664K, reserved 1048576K
Event: 2.822 GC heap after
Heap after GC invocations=6 (full 0):
 PSYoungGen      total 72192K, used 5061K [0x00000000eb200000, 0x00000000eff00000, 0x0000000100000000)
  eden space 65536K, 0% used [0x00000000eb200000,0x00000000eb200000,0x00000000ef200000)
  from space 6656K, 76% used [0x00000000ef880000,0x00000000efd714b8,0x00000000eff00000)
  to   space 6656K, 0% used [0x00000000ef200000,0x00000000ef200000,0x00000000ef880000)
 ParOldGen       total 44032K, used 5638K [0x00000000c1600000, 0x00000000c4100000, 0x00000000eb200000)
  object space 44032K, 12% used [0x00000000c1600000,0x00000000c1b81858,0x00000000c4100000)
 Metaspace       used 12951K, capacity 13406K, committed 13696K, reserved 1060864K
  class space    used 1500K, capacity 1624K, committed 1664K, reserved 1048576K
}
Event: 3.883 GC heap before
{Heap before GC invocations=7 (full 0):
 PSYoungGen      total 72192K, used 70597K [0x00000000eb200000, 0x00000000eff00000, 0x0000000100000000)
  eden space 65536K, 100% used [0x00000000eb200000,0x00000000ef200000,0x00000000ef200000)
  from space 6656K, 76% used [0x00000000ef880000,0x00000000efd714b8,0x00000000eff00000)
  to   space 6656K, 0% used [0x00000000ef200000,0x00000000ef200000,0x00000000ef880000)
 ParOldGen       total 44032K, used 5638K [0x00000000c1600000, 0x00000000c4100000, 0x00000000eb200000)
  object space 44032K, 12% used [0x00000000c1600000,0x00000000c1b81858,0x00000000c4100000)
 Metaspace       used 17060K, capacity 17640K, committed 17920K, reserved 1064960K
  class space    used 2105K, capacity 2256K, committed 2304K, reserved 1048576K
Event: 3.897 GC heap after
Heap after GC invocations=7 (full 0):
 PSYoungGen      total 72192K, used 5706K [0x00000000eb200000, 0x00000000f4000000, 0x0000000100000000)
  eden space 65536K, 0% used [0x00000000eb200000,0x00000000eb200000,0x00000000ef200000)
  from space 6656K, 85% used [0x00000000ef200000,0x00000000ef792ac8,0x00000000ef880000)
  to   space 7168K, 0% used [0x00000000f3900000,0x00000000f3900000,0x00000000f4000000)
 ParOldGen       total 44032K, used 7638K [0x00000000c1600000, 0x00000000c4100000, 0x00000000eb200000)
  object space 44032K, 17% used [0x00000000c1600000,0x00000000c1d75998,0x00000000c4100000)
 Metaspace       used 17060K, capacity 17640K, committed 17920K, reserved 1064960K
  class space    used 2105K, capacity 2256K, committed 2304K, reserved 1048576K
}

